============================================================
  Generated by:           Encounter(R) RTL Compiler RC14.13 - v14.10-s027_1
  Generated on:           Dec 06 2022  09:31:47 pm
  Module:                 DNSLookup
  Technology library:     slow_vdd1v0 1.0
  Operating conditions:   PVT_0P9V_125C (balanced_tree)
  Wireload mode:          enclosed
  Area mode:              timing library
============================================================

         Pin               Type     Fanout Load Slew Delay Arrival   
                                           (fF) (ps)  (ps)   (ps)    
---------------------------------------------------------------------
(clock clk)               launch                                 0 R 
cached_ip_map_reg[4]/CK                            0             0 R 
cached_ip_map_reg[4]/Q    DFFQXL         4  1.1   64  +205     205 F 
g2028/A1                                                +0     205   
g2028/Y                   AOI22X1        1  0.4   69   +98     304 R 
g2015/C0                                                +0     304   
g2015/Y                   OAI221X1       1  0.2  140  +157     461 F 
g2/AN                                                   +0     461   
g2/Y                      NAND4BX1       1  0.3  162  +249     710 F 
g1985/D                                                 +0     710   
g1985/Y                   NOR4X1         3  1.0  177  +178     889 R 
g1982/A0                                                +0     889   
g1982/Y                   OAI211X1       1  0.3  125  +218    1107 F 
g1979/B0                                                +0    1107   
g1979/Y                   OAI21X1        1  0.3   66   +86    1193 R 
ip_resolved_reg/D         DFFHQX1                       +0    1193   
ip_resolved_reg/CK        setup                    0  +138    1330 R 
- - - - - - - - - - - - - - - - - - - - - - - - - - - - - - - - - - -
(clock clk)               capture                           100000 R 
---------------------------------------------------------------------
Cost Group   : 'clk' (path_group 'clk')
Timing slack :   98670ps 
Start-point  : cached_ip_map_reg[4]/CK
End-point    : ip_resolved_reg/D
