============================================================
  Generated by:           Encounter(R) RTL Compiler RC14.13 - v14.10-s027_1
  Generated on:           Dec 06 2022  09:31:47 pm
  Module:                 DNSLookup
  Technology library:     slow_vdd1v0 1.0
  Operating conditions:   PVT_0P9V_125C (balanced_tree)
  Wireload mode:          enclosed
  Area mode:              timing library
============================================================

                              
   Gate    Instances   Area       Library    
---------------------------------------------
AND2X1             2    2.736    slow_vdd1v0 
AND2XL            10   13.680    slow_vdd1v0 
AO21X1             1    2.394    slow_vdd1v0 
AO22XL             9   24.624    slow_vdd1v0 
AOI211XL           1    2.052    slow_vdd1v0 
AOI221X1           1    2.394    slow_vdd1v0 
AOI22X1           11   22.572    slow_vdd1v0 
AOI22XL            1    2.052    slow_vdd1v0 
AOI31X1            2    4.104    slow_vdd1v0 
DFFHQX1           22  120.384    slow_vdd1v0 
DFFQXL            10   54.720    slow_vdd1v0 
DFFX1              3   21.546    slow_vdd1v0 
INVX1             15   10.260    slow_vdd1v0 
MX2XL              2    4.788    slow_vdd1v0 
NAND2BX1           7    9.576    slow_vdd1v0 
NAND2BXL           4    5.472    slow_vdd1v0 
NAND2X1            8    8.208    slow_vdd1v0 
NAND2XL            1    1.026    slow_vdd1v0 
NAND3BXL           1    1.710    slow_vdd1v0 
NAND4BX1           1    2.394    slow_vdd1v0 
NOR2BX1           19   25.992    slow_vdd1v0 
NOR2X1            18   18.468    slow_vdd1v0 
NOR2XL            11   11.286    slow_vdd1v0 
NOR3BX1            2    4.104    slow_vdd1v0 
NOR3X1             2    3.420    slow_vdd1v0 
NOR4X1             2    3.420    slow_vdd1v0 
OAI211X1           3    5.130    slow_vdd1v0 
OAI21X1            3    5.130    slow_vdd1v0 
OAI221X1           1    2.394    slow_vdd1v0 
OAI222X1           1    2.736    slow_vdd1v0 
OAI22X1            1    2.052    slow_vdd1v0 
OAI2BB1X1          2    3.420    slow_vdd1v0 
TIELO              2    2.052    slow_vdd1v0 
XNOR2X1            7   16.758    slow_vdd1v0 
XOR2XL             3    8.208    slow_vdd1v0 
---------------------------------------------
total            189  431.262                


                                    
   Type    Instances   Area  Area % 
------------------------------------
sequential        35 196.650   45.6 
inverter          15  10.260    2.4 
logic            139 224.352   52.0 
------------------------------------
total            189 431.262  100.0 

