============================================================
  Generated by:           Encounter(R) RTL Compiler RC14.13 - v14.10-s027_1
  Generated on:           Oct 09 2022  03:50:33 pm
  Module:                 DNSLookup
  Technology library:     NanGate_15nm_OCL revision 1.0
  Operating conditions:   worst_low (balanced_tree)
  Wireload mode:          enclosed
  Area mode:              timing library
============================================================

                             
   Gate    Instances   Area        Library       
-------------------------------------------------
AND2_X1           25   7.373    NanGate_15nm_OCL 
AOI21_X1           4   1.180    NanGate_15nm_OCL 
AOI22_X1          15   5.161    NanGate_15nm_OCL 
DFFRNQ_X1          2   2.556    NanGate_15nm_OCL 
DFFSNQ_X1         33  42.172    NanGate_15nm_OCL 
INV_X1            46   6.783    NanGate_15nm_OCL 
NAND2_X1          24   4.719    NanGate_15nm_OCL 
NAND3_X1           6   1.769    NanGate_15nm_OCL 
NAND4_X1           2   0.688    NanGate_15nm_OCL 
NOR2_X1           35   6.881    NanGate_15nm_OCL 
NOR3_X1            5   1.475    NanGate_15nm_OCL 
NOR4_X1            2   0.688    NanGate_15nm_OCL 
OAI21_X1           8   2.359    NanGate_15nm_OCL 
OAI22_X1           9   3.097    NanGate_15nm_OCL 
OR2_X1             2   0.590    NanGate_15nm_OCL 
XNOR2_X1           3   1.327    NanGate_15nm_OCL 
XOR2_X1            7   3.097    NanGate_15nm_OCL 
-------------------------------------------------
total            228  91.914                     


                                   
   Type    Instances  Area  Area % 
-----------------------------------
sequential        35 44.728   48.7 
inverter          46  6.783    7.4 
logic            147 40.403   44.0 
-----------------------------------
total            228 91.914  100.0 

